-------------------------------------------------------------------------------
Test set: de.dhbwvs.student.chatservicebackend.controller.UserControllerTest
-------------------------------------------------------------------------------
Tests run: 1, Failures: 0, Errors: 1, Skipped: 0, Time elapsed: 0.003 s <<< FAILURE! - in de.dhbwvs.student.chatservicebackend.controller.UserControllerTest
de.dhbwvs.student.chatservicebackend.controller.UserControllerTest  Time elapsed: 0.003 s  <<< ERROR!
org.junit.platform.commons.JUnitException: @BeforeAll method 'public void de.dhbwvs.student.chatservicebackend.controller.UserControllerTest.setUp()' must be static unless the test class is annotated with @TestInstance(Lifecycle.PER_CLASS).

